<?xml version="1.0" encoding="UTF-8"?>
<!-- Generated by org.testng.reporters.JUnitXMLReporter -->
<testsuite hostname="DESKTOP-G3E20IF" ignored="0" name="Default test" tests="3" failures="0" timestamp="2020-05-25T16:55:18 IST" time="17.337" errors="0">
  <testcase name="loginTest" time="0.058" classname="com.project_4.LoginTest">
    <skipped/>
  </testcase> <!-- loginTest -->
  <testcase name="loginTest" time="14.806" classname="com.project_4.LoginTest"/>
  <testcase name="loginTest" time="16.889" classname="com.project_4.LoginTest"/>
</testsuite> <!-- Default test -->
