<?xml version="1.0" encoding="UTF-8"?>
<!-- Generated by org.testng.reporters.JUnitXMLReporter -->
<testsuite ignored="0" hostname="DESKTOP-G3E20IF" failures="0" tests="3" name="Test2" time="18.092" errors="0" timestamp="2020-05-26T23:15:39 IST">
  <testcase classname="com.project_4.LoginTest" name="loginTest" time="0.094">
    <skipped/>
  </testcase> <!-- loginTest -->
  <testcase classname="com.project_4.LoginTest" name="loginTest" time="15.64"/>
  <testcase classname="com.project_4.LoginTest" name="loginTest" time="17.625"/>
</testsuite> <!-- Test2 -->
