<?xml version="1.0" encoding="UTF-8"?>
<!-- Generated by org.testng.reporters.JUnitXMLReporter -->
<testsuite hostname="DESKTOP-G3E20IF" ignored="0" name="Test2" tests="3" failures="0" timestamp="2020-05-28T23:54:46 IST" time="12.516" errors="0">
  <testcase name="loginTest" time="0.063" classname="com.project_4.LoginTest">
    <skipped/>
  </testcase> <!-- loginTest -->
  <testcase name="loginTest" time="11.011" classname="com.project_4.LoginTest"/>
  <testcase name="loginTest" time="12.095" classname="com.project_4.LoginTest"/>
</testsuite> <!-- Test2 -->
