<?xml version="1.0" encoding="UTF-8"?>
<!-- Generated by org.testng.reporters.JUnitXMLReporter -->
<testsuite ignored="0" hostname="DESKTOP-G3E20IF" failures="0" tests="3" name="Test2" time="12.213" errors="0" timestamp="2020-05-27T23:43:55 IST">
  <testcase classname="com.project_4.LoginTest" name="loginTest" time="0.058">
    <skipped/>
  </testcase> <!-- loginTest -->
  <testcase classname="com.project_4.LoginTest" name="loginTest" time="11.231"/>
  <testcase classname="com.project_4.LoginTest" name="loginTest" time="11.839"/>
</testsuite> <!-- Test2 -->
