<?xml version="1.0" encoding="UTF-8"?>
<!-- Generated by org.testng.reporters.JUnitXMLReporter -->
<testsuite ignored="0" hostname="DESKTOP-G3E20IF" failures="0" tests="3" name="Test2" time="16.068" errors="0" timestamp="2020-05-29T00:11:36 IST">
  <testcase classname="com.project_4.LoginTest" name="loginTest" time="0.051">
    <skipped/>
  </testcase> <!-- loginTest -->
  <testcase classname="com.project_4.LoginTest" name="loginTest" time="14.738"/>
  <testcase classname="com.project_4.LoginTest" name="loginTest" time="15.69"/>
</testsuite> <!-- Test2 -->
