<?xml version="1.0" encoding="UTF-8"?>
<testng-results ignored="0" total="3" passed="2" failed="0" skipped="1">
  <reporter-output>
  </reporter-output>
  <suite started-at="2020-05-29T00:01:49 IST" name="Suite" finished-at="2020-05-29T00:02:00 IST" duration-ms="10720">
    <groups>
    </groups>
    <test started-at="2020-05-29T00:01:49 IST" name="Test2" finished-at="2020-05-29T00:02:00 IST" duration-ms="10720">
      <class name="com.project_4.LoginTest">
        <test-method is-config="true" signature="setUpFramework()[pri:0, instance:com.project_4.LoginTest@72bc6553]" started-at="2020-05-29T00:01:49 IST" name="setUpFramework" finished-at="2020-05-29T00:01:49 IST" duration-ms="24" status="PASS">
          <reporter-output>
          </reporter-output>
        </test-method> <!-- setUpFramework -->
        <test-method signature="loginTest(java.util.Hashtable)[pri:0, instance:com.project_4.LoginTest@72bc6553]" started-at="2020-05-29T00:01:49 IST" name="loginTest" data-provider="masterDP" finished-at="2020-05-29T00:02:00 IST" duration-ms="10330" status="PASS">
          <params>
            <param index="0">
              <value>
                <![CDATA[{browser=firefox, password=Jhas8js7j0*5!, Runmode=Y, username=jeff}]]>
              </value>
            </param>
          </params>
          <reporter-output>
          </reporter-output>
        </test-method> <!-- loginTest -->
        <test-method signature="loginTest(java.util.Hashtable)[pri:0, instance:com.project_4.LoginTest@72bc6553]" started-at="2020-05-29T00:01:49 IST" name="loginTest" data-provider="masterDP" finished-at="2020-05-29T00:02:00 IST" duration-ms="10364" status="PASS">
          <params>
            <param index="0">
              <value>
                <![CDATA[{browser=chrome, password=Jhas8js7j0*5!, Runmode=Y, username=jeff}]]>
              </value>
            </param>
          </params>
          <reporter-output>
          </reporter-output>
        </test-method> <!-- loginTest -->
        <test-method signature="loginTest(java.util.Hashtable)[pri:0, instance:com.project_4.LoginTest@72bc6553]" started-at="2020-05-29T00:01:49 IST" name="loginTest" data-provider="masterDP" finished-at="2020-05-29T00:01:49 IST" duration-ms="56" status="SKIP">
          <params>
            <param index="0">
              <value>
                <![CDATA[{browser=firefox, password=Jhas8js7j0*5!, Runmode=N, username=jeff}]]>
              </value>
            </param>
          </params>
          <exception class="org.testng.SkipException">
            <message>
              <![CDATA[Skipping the test : LoginTest as the Run mode to Data set is NO]]>
            </message>
            <full-stacktrace>
              <![CDATA[org.testng.SkipException: Skipping the test : LoginTest as the Run mode to Data set is NO
at com.project_4.utilities.DataUtil.checkExecution(DataUtil.java:32)
at com.project_4.LoginTest.loginTest(LoginTest.java:28)
at java.base/jdk.internal.reflect.NativeMethodAccessorImpl.invoke0(Native Method)
at java.base/jdk.internal.reflect.NativeMethodAccessorImpl.invoke(NativeMethodAccessorImpl.java:62)
at java.base/jdk.internal.reflect.DelegatingMethodAccessorImpl.invoke(DelegatingMethodAccessorImpl.java:43)
at java.base/java.lang.reflect.Method.invoke(Method.java:566)
at org.testng.internal.MethodInvocationHelper.invokeMethod(MethodInvocationHelper.java:133)
at org.testng.internal.TestInvoker.invokeMethod(TestInvoker.java:584)
at org.testng.internal.TestInvoker.invokeTestMethod(TestInvoker.java:172)
at org.testng.internal.TestMethodWithDataProviderMethodWorker.call(TestMethodWithDataProviderMethodWorker.java:77)
at org.testng.internal.TestMethodWithDataProviderMethodWorker.call(TestMethodWithDataProviderMethodWorker.java:15)
at java.base/java.util.concurrent.FutureTask.run(FutureTask.java:264)
at java.base/java.util.concurrent.Executors$RunnableAdapter.call(Executors.java:515)
at java.base/java.util.concurrent.FutureTask.run(FutureTask.java:264)
at java.base/java.util.concurrent.ThreadPoolExecutor.runWorker(ThreadPoolExecutor.java:1128)
at java.base/java.util.concurrent.ThreadPoolExecutor$Worker.run(ThreadPoolExecutor.java:628)
at java.base/java.lang.Thread.run(Thread.java:834)
]]>
            </full-stacktrace>
          </exception> <!-- org.testng.SkipException -->
          <reporter-output>
          </reporter-output>
        </test-method> <!-- loginTest -->
        <test-method is-config="true" signature="tearDown()[pri:0, instance:com.project_4.LoginTest@72bc6553]" started-at="2020-05-29T00:01:49 IST" name="tearDown" finished-at="2020-05-29T00:01:49 IST" duration-ms="0" status="PASS">
          <reporter-output>
          </reporter-output>
        </test-method> <!-- tearDown -->
        <test-method is-config="true" signature="tearDown()[pri:0, instance:com.project_4.LoginTest@72bc6553]" started-at="2020-05-29T00:02:00 IST" name="tearDown" finished-at="2020-05-29T00:02:00 IST" duration-ms="0" status="PASS">
          <reporter-output>
          </reporter-output>
        </test-method> <!-- tearDown -->
        <test-method is-config="true" signature="tearDown()[pri:0, instance:com.project_4.LoginTest@72bc6553]" started-at="2020-05-29T00:02:00 IST" name="tearDown" finished-at="2020-05-29T00:02:00 IST" duration-ms="0" status="PASS">
          <reporter-output>
          </reporter-output>
        </test-method> <!-- tearDown -->
      </class> <!-- com.project_4.LoginTest -->
    </test> <!-- Test2 -->
  </suite> <!-- Suite -->
</testng-results>
