<?xml version="1.0" encoding="UTF-8"?>
<testsuite xmlns:xsi="http://www.w3.org/2001/XMLSchema-instance" xsi:noNamespaceSchemaLocation="https://maven.apache.org/surefire/maven-surefire-plugin/xsd/surefire-test-report.xsd" name="TestSuite" time="11.484" tests="3" errors="0" skipped="1" failures="0">
  <properties>
[...]
</properties>
  <testcase name="loginTest" classname="com.project_4.LoginTest" time="0">
    <skipped message="Skipping the test : LoginTest as the Run mode to Data set is NO"/>
    <system-out><![CDATA[INFO    2020-05-29 00:01:49,458 [main] com.project_4.testcases.BaseTest  - Config properties file loaded
loginTest
Total rows are : 9
Test case starts from row num: 1
Total rows of data are : 3
Total cols are : 4
INFO    2020-05-29 00:01:49,868 [TestNG-PoolService-0] com.project_4.testcases.BaseTest  - Test directly run browsers on that machine.
INFO    2020-05-29 00:01:49,870 [TestNG-PoolService-1] com.project_4.testcases.BaseTest  - Test directly run browsers on that machine.
Launching : firefox
Launching : chrome
]]></system-out>
  </testcase>
  <testcase name="loginTest" classname="com.project_4.LoginTest" time="10.326"/>
  <testcase name="loginTest" classname="com.project_4.LoginTest" time="10.36"/>
</testsuite>