<?xml version="1.0" encoding="UTF-8"?>
<testng-results skipped="1" failed="0" ignored="0" total="3" passed="2">
  <reporter-output>
  </reporter-output>
  <suite name="Suite" duration-ms="12516" started-at="2020-05-28T23:54:34 IST" finished-at="2020-05-28T23:54:46 IST">
    <groups>
    </groups>
    <test name="Test2" duration-ms="12516" started-at="2020-05-28T23:54:34 IST" finished-at="2020-05-28T23:54:46 IST">
      <class name="com.project_4.LoginTest">
        <test-method status="PASS" signature="setUpFramework()[pri:0, instance:com.project_4.LoginTest@5a4aa2f2]" name="setUpFramework" is-config="true" duration-ms="28" started-at="2020-05-28T23:54:34 IST" finished-at="2020-05-28T23:54:34 IST">
          <reporter-output>
          </reporter-output>
        </test-method> <!-- setUpFramework -->
        <test-method status="PASS" signature="loginTest(java.util.Hashtable)[pri:0, instance:com.project_4.LoginTest@5a4aa2f2]" name="loginTest" duration-ms="11011" started-at="2020-05-28T23:54:34 IST" data-provider="masterDP" finished-at="2020-05-28T23:54:45 IST">
          <params>
            <param index="0">
              <value>
                <![CDATA[{browser=firefox, password=Jhas8js7j0*5!, Runmode=Y, username=jeff}]]>
              </value>
            </param>
          </params>
          <reporter-output>
          </reporter-output>
        </test-method> <!-- loginTest -->
        <test-method status="SKIP" signature="loginTest(java.util.Hashtable)[pri:0, instance:com.project_4.LoginTest@5a4aa2f2]" name="loginTest" duration-ms="63" started-at="2020-05-28T23:54:34 IST" data-provider="masterDP" finished-at="2020-05-28T23:54:34 IST">
          <params>
            <param index="0">
              <value>
                <![CDATA[{browser=firefox, password=Jhas8js7j0*5!, Runmode=N, username=jeff}]]>
              </value>
            </param>
          </params>
          <exception class="org.testng.SkipException">
            <message>
              <![CDATA[Skipping the test : LoginTest as the Run mode to Data set is NO]]>
            </message>
            <full-stacktrace>
              <![CDATA[org.testng.SkipException: Skipping the test : LoginTest as the Run mode to Data set is NO
at com.project_4.utilities.DataUtil.checkExecution(DataUtil.java:32)
at com.project_4.LoginTest.loginTest(LoginTest.java:28)
at sun.reflect.NativeMethodAccessorImpl.invoke0(Native Method)
at sun.reflect.NativeMethodAccessorImpl.invoke(Unknown Source)
at sun.reflect.DelegatingMethodAccessorImpl.invoke(Unknown Source)
at java.lang.reflect.Method.invoke(Unknown Source)
at org.testng.internal.MethodInvocationHelper.invokeMethod(MethodInvocationHelper.java:135)
at org.testng.internal.TestInvoker.invokeMethod(TestInvoker.java:598)
at org.testng.internal.TestInvoker.invokeTestMethod(TestInvoker.java:174)
at org.testng.internal.TestMethodWithDataProviderMethodWorker.call(TestMethodWithDataProviderMethodWorker.java:77)
at org.testng.internal.TestMethodWithDataProviderMethodWorker.call(TestMethodWithDataProviderMethodWorker.java:15)
at java.util.concurrent.FutureTask.run(Unknown Source)
at java.util.concurrent.Executors$RunnableAdapter.call(Unknown Source)
at java.util.concurrent.FutureTask.run(Unknown Source)
at java.util.concurrent.ThreadPoolExecutor.runWorker(Unknown Source)
at java.util.concurrent.ThreadPoolExecutor$Worker.run(Unknown Source)
at java.lang.Thread.run(Unknown Source)
]]>
            </full-stacktrace>
          </exception> <!-- org.testng.SkipException -->
          <reporter-output>
          </reporter-output>
        </test-method> <!-- loginTest -->
        <test-method status="PASS" signature="loginTest(java.util.Hashtable)[pri:0, instance:com.project_4.LoginTest@5a4aa2f2]" name="loginTest" duration-ms="12095" started-at="2020-05-28T23:54:34 IST" data-provider="masterDP" finished-at="2020-05-28T23:54:46 IST">
          <params>
            <param index="0">
              <value>
                <![CDATA[{browser=chrome, password=Jhas8js7j0*5!, Runmode=Y, username=jeff}]]>
              </value>
            </param>
          </params>
          <reporter-output>
          </reporter-output>
        </test-method> <!-- loginTest -->
        <test-method status="PASS" signature="tearDown()[pri:0, instance:com.project_4.LoginTest@5a4aa2f2]" name="tearDown" is-config="true" duration-ms="0" started-at="2020-05-28T23:54:34 IST" finished-at="2020-05-28T23:54:34 IST">
          <reporter-output>
          </reporter-output>
        </test-method> <!-- tearDown -->
        <test-method status="PASS" signature="tearDown()[pri:0, instance:com.project_4.LoginTest@5a4aa2f2]" name="tearDown" is-config="true" duration-ms="0" started-at="2020-05-28T23:54:45 IST" finished-at="2020-05-28T23:54:45 IST">
          <reporter-output>
          </reporter-output>
        </test-method> <!-- tearDown -->
        <test-method status="PASS" signature="tearDown()[pri:0, instance:com.project_4.LoginTest@5a4aa2f2]" name="tearDown" is-config="true" duration-ms="0" started-at="2020-05-28T23:54:46 IST" finished-at="2020-05-28T23:54:46 IST">
          <reporter-output>
          </reporter-output>
        </test-method> <!-- tearDown -->
      </class> <!-- com.project_4.LoginTest -->
    </test> <!-- Test2 -->
  </suite> <!-- Suite -->
</testng-results>
